<?xml version="1.0" encoding="utf-8"?><testsuite errors="0" failures="0" name="pytest" skips="0" tests="5" time="0.342"><testcase classname="pytests.test_index" file="pytests/test_index.py" line="10" name="test_sentence" time="0.0011136531829833984"></testcase><testcase classname="pytests.test_index" file="pytests/test_index.py" line="15" name="test_flatiron_mantra" time="0.0008556842803955078"></testcase><testcase classname="pytests.test_index" file="pytests/test_index.py" line="20" name="test_num_to_string" time="0.0006928443908691406"></testcase><testcase classname="pytests.test_index" file="pytests/test_index.py" line="25" name="test_full_address" time="0.0005927085876464844"></testcase><testcase classname="pytests.test_index" file="pytests/test_index.py" line="31" name="test_conda_environment_activated" time="0.0013904571533203125"></testcase></testsuite>